<?xml version="1.0" encoding="UTF-8"?>
<!-- Generated by org.testng.reporters.JUnitXMLReporter -->
<testsuite ignored="1" hostname="DESKTOP-KG0SVLD" failures="1" tests="1" name="Test" time="0.096" errors="0" timestamp="2025-10-30T20:28:21 IST">
  <testcase classname="testCases.AccountLoginTest" name="TestLogin" time="0.018">
    <failure type="java.lang.AssertionError" message="null">
      <![CDATA[java.lang.AssertionError: null
at testCases.AccountLoginTest.TestLogin(AccountLoginTest.java:34)
at java.base/java.util.ArrayList.forEach(ArrayList.java:1597)
... Removed 27 stack frames]]>
    </failure>
  </testcase> <!-- TestLogin -->
  <testcase classname="testCases.AccountRegistrationTest" name="testRegister" time="0.0">
    <ignored/>
  </testcase> <!-- testRegister -->
</testsuite> <!-- Test -->
