<?xml version="1.0" encoding="UTF-8"?>
<!-- Generated by org.testng.reporters.JUnitXMLReporter -->
<testsuite ignored="0" hostname="DESKTOP-KG0SVLD" failures="0" tests="2" name="edgeTest" time="9.378" errors="0" timestamp="2025-11-29T16:16:06 IST">
  <testcase classname="testCases.AccountRegistrationTest" name="testRegister" time="0.0">
    <skipped/>
  </testcase> <!-- testRegister -->
  <testcase classname="testCases.AccountLoginTest" name="TestLogin" time="0.0">
    <skipped/>
  </testcase> <!-- TestLogin -->
</testsuite> <!-- edgeTest -->
