<?xml version="1.0" encoding="UTF-8"?>
<!-- Generated by org.testng.reporters.JUnitXMLReporter -->
<testsuite ignored="2" hostname="DESKTOP-KG0SVLD" failures="0" tests="0" time="0.019" errors="0" timestamp="2025-10-30T21:03:47 IST">
  <testcase classname="testCases.AccountRegistrationTest" name="testRegister" time="0.0">
    <ignored/>
  </testcase> <!-- testRegister -->
  <testcase classname="testCases.AccountLoginTest" name="TestLogin" time="0.0">
    <ignored/>
  </testcase> <!-- TestLogin -->
</testsuite>
