<?xml version="1.0" encoding="UTF-8"?>
<testng-results ignored="0" total="2" passed="2" failed="0" skipped="0">
  <reporter-output>
  </reporter-output>
  <suite started-at="2025-11-29T23:31:51 IST" name="Master Suite" finished-at="2025-11-29T23:32:27 IST" duration-ms="36071">
    <groups>
      <group name="Master">
        <method signature="AccountLoginTest.TestLogin()[pri:0, instance:testCases.AccountLoginTest@22555ebf]" name="TestLogin" class="testCases.AccountLoginTest"/>
        <method signature="AccountRegistrationTest.testRegister()[pri:0, instance:testCases.AccountRegistrationTest@408d971b]" name="testRegister" class="testCases.AccountRegistrationTest"/>
      </group> <!-- Master -->
      <group name="Sanity">
        <method signature="AccountLoginTest.TestLogin()[pri:0, instance:testCases.AccountLoginTest@22555ebf]" name="TestLogin" class="testCases.AccountLoginTest"/>
      </group> <!-- Sanity -->
      <group name="Regression">
        <method signature="AccountRegistrationTest.testRegister()[pri:0, instance:testCases.AccountRegistrationTest@408d971b]" name="testRegister" class="testCases.AccountRegistrationTest"/>
      </group> <!-- Regression -->
    </groups>
    <test started-at="2025-11-29T23:31:51 IST" name="Test" finished-at="2025-11-29T23:32:27 IST" duration-ms="36071">
      <class name="testCases.AccountRegistrationTest">
        <test-method is-config="true" signature="setup(java.lang.String,java.lang.String)[pri:0, instance:testCases.AccountRegistrationTest@408d971b]" started-at="2025-11-29T23:31:52 IST" name="setup" finished-at="2025-11-29T23:32:06 IST" duration-ms="14920" status="PASS">
          <params>
            <param index="0">
              <value>
                <![CDATA[Windows 10]]>
              </value>
            </param>
            <param index="1">
              <value>
                <![CDATA[Chrome]]>
              </value>
            </param>
          </params>
          <reporter-output>
          </reporter-output>
        </test-method> <!-- setup -->
        <test-method signature="testRegister()[pri:0, instance:testCases.AccountRegistrationTest@408d971b]" started-at="2025-11-29T23:32:07 IST" name="testRegister" finished-at="2025-11-29T23:32:12 IST" duration-ms="5474" status="PASS">
          <reporter-output>
          </reporter-output>
        </test-method> <!-- testRegister -->
        <test-method is-config="true" signature="close()[pri:0, instance:testCases.AccountRegistrationTest@408d971b]" started-at="2025-11-29T23:32:12 IST" name="close" finished-at="2025-11-29T23:32:12 IST" duration-ms="447" status="PASS">
          <reporter-output>
          </reporter-output>
        </test-method> <!-- close -->
      </class> <!-- testCases.AccountRegistrationTest -->
      <class name="testCases.AccountLoginTest">
        <test-method is-config="true" signature="setup(java.lang.String,java.lang.String)[pri:0, instance:testCases.AccountLoginTest@22555ebf]" started-at="2025-11-29T23:32:12 IST" name="setup" finished-at="2025-11-29T23:32:24 IST" duration-ms="11087" status="PASS">
          <params>
            <param index="0">
              <value>
                <![CDATA[Windows 10]]>
              </value>
            </param>
            <param index="1">
              <value>
                <![CDATA[Chrome]]>
              </value>
            </param>
          </params>
          <reporter-output>
          </reporter-output>
        </test-method> <!-- setup -->
        <test-method signature="TestLogin()[pri:0, instance:testCases.AccountLoginTest@22555ebf]" started-at="2025-11-29T23:32:24 IST" name="TestLogin" finished-at="2025-11-29T23:32:27 IST" duration-ms="3445" status="PASS">
          <reporter-output>
          </reporter-output>
        </test-method> <!-- TestLogin -->
        <test-method is-config="true" signature="close()[pri:0, instance:testCases.AccountLoginTest@22555ebf]" started-at="2025-11-29T23:32:27 IST" name="close" finished-at="2025-11-29T23:32:27 IST" duration-ms="336" status="PASS">
          <reporter-output>
          </reporter-output>
        </test-method> <!-- close -->
      </class> <!-- testCases.AccountLoginTest -->
    </test> <!-- Test -->
  </suite> <!-- Master Suite -->
</testng-results>
